{"level":"info","message":"⌛ Building environment","timeElapsed":106,"timestamp":"2024-09-09T13:03:03.779Z"}
{"level":"info","message":"onRequest - WORKSPACE_URI:file:///c%3A/Users/USER/Desktop/TATETI","timestamp":"2024-09-09T13:03:03.783Z"}
{"level":"info","message":"⌛ Building environment","timeElapsed":103,"timestamp":"2024-09-09T13:03:03.887Z"}
{"level":"info","message":"⌛ Building environment","timeElapsed":160,"timestamp":"2024-09-09T13:03:04.205Z"}
{"level":"info","message":"⌛ Building environment","timeElapsed":123,"timestamp":"2024-09-09T13:03:04.493Z"}
{"level":"info","message":"⌛ Building environment","timeElapsed":308,"timestamp":"2024-09-09T13:03:04.899Z"}
{"level":"info","message":"⌛ Building environment","timeElapsed":133,"timestamp":"2024-09-09T13:03:05.228Z"}
{"level":"info","message":"⌛ Validating TP%20JUEGO%20ZAGARE_RIOS_SALGUERO_SERANTES/src/world.wlk","timeElapsed":101,"timestamp":"2024-09-09T13:03:05.603Z"}
{"level":"info","message":"⌛ Validating TP%20JUEGO%20ZAGARE_RIOS_SALGUERO_SERANTES/src/tests.wtest","timeElapsed":101,"timestamp":"2024-09-09T13:03:05.704Z"}
{"level":"info","message":"⌛ Validating TP%20JUEGO%20ZAGARE_RIOS_SALGUERO_SERANTES/src/player.wlk","timeElapsed":106,"timestamp":"2024-09-09T13:03:05.811Z"}
{"level":"info","message":"⌛ Validating TP%20JUEGO%20ZAGARE_RIOS_SALGUERO_SERANTES/src/objects.wlk","timeElapsed":118,"timestamp":"2024-09-09T13:03:05.929Z"}
{"level":"info","message":"⌛ Validating file:///c%3A/Users/USER/Downloads/TP3.wlk","timeElapsed":116,"timestamp":"2024-09-09T13:03:06.046Z"}
{"level":"info","message":"⌛ Validating TP%20JUEGO%20ZAGARE_RIOS_SALGUERO_SERANTES/src/main.wpgm","timeElapsed":114,"timestamp":"2024-09-09T13:03:06.706Z"}
{"level":"info","message":"⌛ Validating TP%20JUEGO%20ZAGARE_RIOS_SALGUERO_SERANTES/src/gui.wlk","timeElapsed":122,"timestamp":"2024-09-09T13:03:06.829Z"}
{"level":"info","message":"⌛ Validating TP%20JUEGO%20ZAGARE_RIOS_SALGUERO_SERANTES/src/enemigos.wlk","timeElapsed":138,"timestamp":"2024-09-09T13:03:06.967Z"}
{"level":"info","message":"⌛ Validating TP%20JUEGO%20ZAGARE_RIOS_SALGUERO_SERANTES/src/audio.wlk","timeElapsed":135,"timestamp":"2024-09-09T13:03:07.104Z"}
{"level":"info","message":"⌛ Building environment","timeElapsed":106,"timestamp":"2024-09-09T13:10:25.998Z"}
{"level":"info","message":"onRequest - WORKSPACE_URI:file:///c%3A/Users/USER/Desktop/TATETI","timestamp":"2024-09-09T13:10:26.001Z"}
{"level":"info","message":"⌛ Building environment","timeElapsed":104,"timestamp":"2024-09-09T13:10:26.105Z"}
{"level":"info","message":"⌛ Building environment","timeElapsed":114,"timestamp":"2024-09-09T13:10:26.222Z"}
{"level":"info","message":"⌛ Validating file:///c%3A/Users/USER/Downloads/TP3.wlk","timeElapsed":127,"timestamp":"2024-09-09T13:10:26.662Z"}
{"level":"info","message":"⌛ Building environment","timeElapsed":197,"timestamp":"2024-09-09T13:10:26.860Z"}
{"level":"info","message":"⌛ Building environment","timeElapsed":121,"timestamp":"2024-09-09T13:10:26.989Z"}
{"level":"info","message":"⌛ Building environment","timeElapsed":177,"timestamp":"2024-09-09T13:10:27.248Z"}
{"level":"info","message":"⌛ Building environment","timeElapsed":101,"timestamp":"2024-09-09T13:10:27.349Z"}
{"level":"info","message":"⌛ Validating TP%20JUEGO%20ZAGARE_RIOS_SALGUERO_SERANTES/src/audio.wlk","timeElapsed":121,"timestamp":"2024-09-09T13:10:27.865Z"}
{"level":"info","message":"⌛ Validating TP%20JUEGO%20ZAGARE_RIOS_SALGUERO_SERANTES/src/player.wlk","timeElapsed":129,"timestamp":"2024-09-09T13:10:27.995Z"}
{"level":"info","message":"⌛ Validating file:///c%3A/Users/USER/Downloads/TP3.wlk","timeElapsed":117,"timestamp":"2024-09-09T13:10:28.112Z"}
{"level":"info","message":"⌛ Validating TP%20JUEGO%20ZAGARE_RIOS_SALGUERO_SERANTES/src/enemigos.wlk","timeElapsed":122,"timestamp":"2024-09-09T13:10:28.234Z"}
{"level":"info","message":"⌛ Validating TP%20JUEGO%20ZAGARE_RIOS_SALGUERO_SERANTES/src/player.wlk","timeElapsed":132,"timestamp":"2024-09-09T13:10:28.640Z"}
{"level":"info","message":"⌛ Validating TP%20JUEGO%20ZAGARE_RIOS_SALGUERO_SERANTES/src/objects.wlk","timeElapsed":127,"timestamp":"2024-09-09T13:10:28.768Z"}
{"level":"info","message":"⌛ Validating TP%20JUEGO%20ZAGARE_RIOS_SALGUERO_SERANTES/src/main.wpgm","timeElapsed":130,"timestamp":"2024-09-09T13:10:28.899Z"}
{"level":"info","message":"⌛ Validating TP%20JUEGO%20ZAGARE_RIOS_SALGUERO_SERANTES/src/world.wlk","timeElapsed":184,"timestamp":"2024-09-09T13:10:29.087Z"}
{"level":"info","message":"⌛ Validating TP%20JUEGO%20ZAGARE_RIOS_SALGUERO_SERANTES/src/test_world.wtest","timeElapsed":186,"timestamp":"2024-09-09T13:10:29.273Z"}
{"level":"info","message":"⌛ Validating TP%20JUEGO%20ZAGARE_RIOS_SALGUERO_SERANTES/src/tests.wtest","timeElapsed":137,"timestamp":"2024-09-09T13:10:29.410Z"}
{"level":"info","message":"⌛ Building environment","timeElapsed":426,"timestamp":"2024-09-09T13:10:46.254Z"}
{"level":"info","message":"⌛ Validating file:///c%3A/Users/USER/Downloads/TP3.wlk","timeElapsed":148,"timestamp":"2024-09-09T13:10:46.403Z"}
{"level":"info","message":"⌛ Validating TP%20JUEGO%20ZAGARE_RIOS_SALGUERO_SERANTES/src/enemigos.wlk","timeElapsed":108,"timestamp":"2024-09-09T13:10:46.512Z"}
{"level":"info","message":"⌛ Validating TP%20JUEGO%20ZAGARE_RIOS_SALGUERO_SERANTES/src/gui.wlk","timeElapsed":106,"timestamp":"2024-09-09T13:10:46.618Z"}
{"level":"info","message":"⌛ Validating TP%20JUEGO%20ZAGARE_RIOS_SALGUERO_SERANTES/src/graphics.wlk","timeElapsed":106,"timestamp":"2024-09-09T13:10:46.724Z"}
{"level":"info","message":"⌛ Validating TP%20JUEGO%20ZAGARE_RIOS_SALGUERO_SERANTES/src/audio.wlk","timeElapsed":106,"timestamp":"2024-09-09T13:10:46.830Z"}
{"level":"info","message":"⌛ Validating TP%20JUEGO%20ZAGARE_RIOS_SALGUERO_SERANTES/src/player.wlk","timeElapsed":106,"timestamp":"2024-09-09T13:10:46.936Z"}
{"level":"info","message":"⌛ Validating TP%20JUEGO%20ZAGARE_RIOS_SALGUERO_SERANTES/src/objects.wlk","timeElapsed":106,"timestamp":"2024-09-09T13:10:47.042Z"}
{"level":"info","message":"⌛ Validating TP%20JUEGO%20ZAGARE_RIOS_SALGUERO_SERANTES/src/main.wpgm","timeElapsed":104,"timestamp":"2024-09-09T13:10:47.147Z"}
{"level":"info","message":"⌛ Validating TP%20JUEGO%20ZAGARE_RIOS_SALGUERO_SERANTES/src/world.wlk","timeElapsed":104,"timestamp":"2024-09-09T13:10:47.251Z"}
{"level":"info","message":"⌛ Validating TP%20JUEGO%20ZAGARE_RIOS_SALGUERO_SERANTES/src/test_world.wtest","timeElapsed":104,"timestamp":"2024-09-09T13:10:47.356Z"}
{"level":"info","message":"⌛ Validating TP%20JUEGO%20ZAGARE_RIOS_SALGUERO_SERANTES/src/tests.wtest","timeElapsed":104,"timestamp":"2024-09-09T13:10:47.461Z"}
{"level":"info","message":"⌛ Building environment","timeElapsed":444,"timestamp":"2024-09-09T13:12:39.353Z"}
{"level":"info","message":"⌛ Validating file:///c%3A/Users/USER/Downloads/TP3.wlk","timeElapsed":162,"timestamp":"2024-09-09T13:12:39.516Z"}
{"level":"info","message":"⌛ Validating TP%20JUEGO%20ZAGARE_RIOS_SALGUERO_SERANTES/src/enemigos.wlk","timeElapsed":110,"timestamp":"2024-09-09T13:12:39.626Z"}
{"level":"info","message":"⌛ Validating TP%20JUEGO%20ZAGARE_RIOS_SALGUERO_SERANTES/src/gui.wlk","timeElapsed":107,"timestamp":"2024-09-09T13:12:39.734Z"}
{"level":"info","message":"⌛ Validating TP%20JUEGO%20ZAGARE_RIOS_SALGUERO_SERANTES/src/graphics.wlk","timeElapsed":107,"timestamp":"2024-09-09T13:12:39.842Z"}
{"level":"info","message":"⌛ Validating TP%20JUEGO%20ZAGARE_RIOS_SALGUERO_SERANTES/src/audio.wlk","timeElapsed":106,"timestamp":"2024-09-09T13:12:39.949Z"}
{"level":"info","message":"⌛ Validating TP%20JUEGO%20ZAGARE_RIOS_SALGUERO_SERANTES/src/player.wlk","timeElapsed":105,"timestamp":"2024-09-09T13:12:40.055Z"}
{"level":"info","message":"⌛ Validating TP%20JUEGO%20ZAGARE_RIOS_SALGUERO_SERANTES/src/objects.wlk","timeElapsed":106,"timestamp":"2024-09-09T13:12:40.162Z"}
{"level":"info","message":"⌛ Validating TP%20JUEGO%20ZAGARE_RIOS_SALGUERO_SERANTES/src/main.wpgm","timeElapsed":104,"timestamp":"2024-09-09T13:12:40.267Z"}
{"level":"info","message":"⌛ Validating TP%20JUEGO%20ZAGARE_RIOS_SALGUERO_SERANTES/src/world.wlk","timeElapsed":105,"timestamp":"2024-09-09T13:12:40.372Z"}
{"level":"info","message":"⌛ Validating TP%20JUEGO%20ZAGARE_RIOS_SALGUERO_SERANTES/src/test_world.wtest","timeElapsed":105,"timestamp":"2024-09-09T13:12:40.478Z"}
{"level":"info","message":"⌛ Validating TP%20JUEGO%20ZAGARE_RIOS_SALGUERO_SERANTES/src/tests.wtest","timeElapsed":104,"timestamp":"2024-09-09T13:12:40.582Z"}
{"level":"info","message":"⌛ Building environment","timeElapsed":370,"timestamp":"2024-09-09T13:12:53.038Z"}
{"level":"info","message":"⌛ Validating file:///c%3A/Users/USER/Downloads/TP3.wlk","timeElapsed":140,"timestamp":"2024-09-09T13:12:53.181Z"}
{"level":"info","message":"⌛ Validating TP%20JUEGO%20ZAGARE_RIOS_SALGUERO_SERANTES/src/enemigos.wlk","timeElapsed":109,"timestamp":"2024-09-09T13:12:53.290Z"}
{"level":"info","message":"⌛ Validating TP%20JUEGO%20ZAGARE_RIOS_SALGUERO_SERANTES/src/gui.wlk","timeElapsed":110,"timestamp":"2024-09-09T13:12:53.400Z"}
{"level":"info","message":"⌛ Validating TP%20JUEGO%20ZAGARE_RIOS_SALGUERO_SERANTES/src/graphics.wlk","timeElapsed":107,"timestamp":"2024-09-09T13:12:53.508Z"}
{"level":"info","message":"⌛ Validating TP%20JUEGO%20ZAGARE_RIOS_SALGUERO_SERANTES/src/audio.wlk","timeElapsed":105,"timestamp":"2024-09-09T13:12:53.614Z"}
{"level":"info","message":"⌛ Validating TP%20JUEGO%20ZAGARE_RIOS_SALGUERO_SERANTES/src/player.wlk","timeElapsed":105,"timestamp":"2024-09-09T13:12:53.720Z"}
{"level":"info","message":"⌛ Validating TP%20JUEGO%20ZAGARE_RIOS_SALGUERO_SERANTES/src/objects.wlk","timeElapsed":120,"timestamp":"2024-09-09T13:12:53.840Z"}
{"level":"info","message":"⌛ Validating TP%20JUEGO%20ZAGARE_RIOS_SALGUERO_SERANTES/src/main.wpgm","timeElapsed":105,"timestamp":"2024-09-09T13:12:53.945Z"}
{"level":"info","message":"⌛ Validating TP%20JUEGO%20ZAGARE_RIOS_SALGUERO_SERANTES/src/world.wlk","timeElapsed":104,"timestamp":"2024-09-09T13:12:54.050Z"}
{"level":"info","message":"⌛ Validating TP%20JUEGO%20ZAGARE_RIOS_SALGUERO_SERANTES/src/test_world.wtest","timeElapsed":104,"timestamp":"2024-09-09T13:12:54.155Z"}
{"level":"info","message":"⌛ Validating TP%20JUEGO%20ZAGARE_RIOS_SALGUERO_SERANTES/src/tests.wtest","timeElapsed":103,"timestamp":"2024-09-09T13:12:54.259Z"}
{"level":"info","message":"⌛ Building environment","timeElapsed":130,"timestamp":"2024-09-09T13:13:30.792Z"}
{"level":"info","message":"⌛ Validating file:///c%3A/Users/USER/Downloads/TP3.wlk","timeElapsed":135,"timestamp":"2024-09-09T13:13:30.928Z"}
{"level":"info","message":"⌛ Building environment","timeElapsed":109,"timestamp":"2024-09-09T13:14:53.570Z"}
{"level":"info","message":"onRequest - WORKSPACE_URI:file:///c%3A/Users/USER/Desktop/TATETI","timestamp":"2024-09-09T13:14:53.573Z"}
{"level":"info","message":"⌛ Building environment","timeElapsed":106,"timestamp":"2024-09-09T13:14:53.680Z"}
{"level":"info","message":"⌛ Building environment","timeElapsed":194,"timestamp":"2024-09-09T13:14:53.875Z"}
{"level":"info","message":"⌛ Building environment","timeElapsed":263,"timestamp":"2024-09-09T13:14:54.485Z"}
{"level":"info","message":"⌛ Building environment","timeElapsed":123,"timestamp":"2024-09-09T13:14:54.609Z"}
{"level":"info","message":"⌛ Building environment","timeElapsed":118,"timestamp":"2024-09-09T13:14:54.808Z"}
{"level":"info","message":"⌛ Building environment","timeElapsed":156,"timestamp":"2024-09-09T13:14:55.065Z"}
{"level":"info","message":"⌛ Building environment","timeElapsed":102,"timestamp":"2024-09-09T13:14:55.168Z"}
{"level":"info","message":"⌛ Validating TP%20JUEGO%20ZAGARE_RIOS_SALGUERO_SERANTES/src/world.wlk","timeElapsed":116,"timestamp":"2024-09-09T13:14:55.284Z"}
{"level":"info","message":"⌛ Validating TP%20JUEGO%20ZAGARE_RIOS_SALGUERO_SERANTES/src/test_world.wtest","timeElapsed":104,"timestamp":"2024-09-09T13:14:55.388Z"}
{"level":"info","message":"⌛ Validating TP%20JUEGO%20ZAGARE_RIOS_SALGUERO_SERANTES/src/tests.wtest","timeElapsed":110,"timestamp":"2024-09-09T13:14:55.499Z"}
{"level":"info","message":"⌛ Validating TP%20JUEGO%20ZAGARE_RIOS_SALGUERO_SERANTES/src/player.wlk","timeElapsed":110,"timestamp":"2024-09-09T13:14:55.609Z"}
{"level":"info","message":"⌛ Validating file:///c%3A/Users/USER/Downloads/TP3.wlk","timeElapsed":135,"timestamp":"2024-09-09T13:14:55.745Z"}
{"level":"info","message":"⌛ Validating TP%20JUEGO%20ZAGARE_RIOS_SALGUERO_SERANTES/src/objects.wlk","timeElapsed":125,"timestamp":"2024-09-09T13:14:56.210Z"}
{"level":"info","message":"⌛ Validating TP%20JUEGO%20ZAGARE_RIOS_SALGUERO_SERANTES/src/main.wpgm","timeElapsed":118,"timestamp":"2024-09-09T13:14:56.328Z"}
{"level":"info","message":"⌛ Validating TP%20JUEGO%20ZAGARE_RIOS_SALGUERO_SERANTES/src/gui.wlk","timeElapsed":119,"timestamp":"2024-09-09T13:14:56.448Z"}
{"level":"info","message":"⌛ Validating TP%20JUEGO%20ZAGARE_RIOS_SALGUERO_SERANTES/src/graphics.wlk","timeElapsed":123,"timestamp":"2024-09-09T13:14:56.572Z"}
{"level":"info","message":"⌛ Validating TP%20JUEGO%20ZAGARE_RIOS_SALGUERO_SERANTES/src/enemigos.wlk","timeElapsed":151,"timestamp":"2024-09-09T13:14:56.723Z"}
{"level":"info","message":"⌛ Validating TP%20JUEGO%20ZAGARE_RIOS_SALGUERO_SERANTES/src/audio.wlk","timeElapsed":153,"timestamp":"2024-09-09T13:14:56.877Z"}
{"level":"info","message":"⌛ Building environment","timeElapsed":414,"timestamp":"2024-09-09T13:15:26.811Z"}
{"level":"info","message":"⌛ Validating file:///c%3A/Users/USER/Downloads/TP3.wlk","timeElapsed":169,"timestamp":"2024-09-09T13:15:26.982Z"}
{"level":"info","message":"⌛ Validating TP%20JUEGO%20ZAGARE_RIOS_SALGUERO_SERANTES/src/world.wlk","timeElapsed":130,"timestamp":"2024-09-09T13:15:27.113Z"}
{"level":"info","message":"⌛ Validating TP%20JUEGO%20ZAGARE_RIOS_SALGUERO_SERANTES/src/test_world.wtest","timeElapsed":109,"timestamp":"2024-09-09T13:15:27.222Z"}
{"level":"info","message":"⌛ Validating TP%20JUEGO%20ZAGARE_RIOS_SALGUERO_SERANTES/src/tests.wtest","timeElapsed":108,"timestamp":"2024-09-09T13:15:27.331Z"}
{"level":"info","message":"⌛ Validating TP%20JUEGO%20ZAGARE_RIOS_SALGUERO_SERANTES/src/player.wlk","timeElapsed":109,"timestamp":"2024-09-09T13:15:27.439Z"}
{"level":"info","message":"⌛ Validating TP%20JUEGO%20ZAGARE_RIOS_SALGUERO_SERANTES/src/objects.wlk","timeElapsed":107,"timestamp":"2024-09-09T13:15:27.547Z"}
{"level":"info","message":"⌛ Validating TP%20JUEGO%20ZAGARE_RIOS_SALGUERO_SERANTES/src/main.wpgm","timeElapsed":115,"timestamp":"2024-09-09T13:15:27.662Z"}
{"level":"info","message":"⌛ Validating TP%20JUEGO%20ZAGARE_RIOS_SALGUERO_SERANTES/src/gui.wlk","timeElapsed":111,"timestamp":"2024-09-09T13:15:27.774Z"}
{"level":"info","message":"⌛ Validating TP%20JUEGO%20ZAGARE_RIOS_SALGUERO_SERANTES/src/graphics.wlk","timeElapsed":106,"timestamp":"2024-09-09T13:15:27.880Z"}
{"level":"info","message":"⌛ Validating TP%20JUEGO%20ZAGARE_RIOS_SALGUERO_SERANTES/src/enemigos.wlk","timeElapsed":111,"timestamp":"2024-09-09T13:15:27.992Z"}
{"level":"info","message":"⌛ Validating TP%20JUEGO%20ZAGARE_RIOS_SALGUERO_SERANTES/src/audio.wlk","timeElapsed":107,"timestamp":"2024-09-09T13:15:28.099Z"}
{"level":"info","message":"⌛ Building environment","timeElapsed":366,"timestamp":"2024-09-09T13:16:32.205Z"}
{"level":"info","message":"⌛ Validating file:///c%3A/Users/USER/Downloads/TP3.wlk","timeElapsed":164,"timestamp":"2024-09-09T13:16:32.372Z"}
{"level":"info","message":"⌛ Validating TP%20JUEGO%20ZAGARE_RIOS_SALGUERO_SERANTES/src/world.wlk","timeElapsed":106,"timestamp":"2024-09-09T13:16:32.479Z"}
{"level":"info","message":"⌛ Validating TP%20JUEGO%20ZAGARE_RIOS_SALGUERO_SERANTES/src/test_world.wtest","timeElapsed":106,"timestamp":"2024-09-09T13:16:32.585Z"}
{"level":"info","message":"⌛ Validating TP%20JUEGO%20ZAGARE_RIOS_SALGUERO_SERANTES/src/tests.wtest","timeElapsed":110,"timestamp":"2024-09-09T13:16:32.696Z"}
{"level":"info","message":"⌛ Validating TP%20JUEGO%20ZAGARE_RIOS_SALGUERO_SERANTES/src/player.wlk","timeElapsed":134,"timestamp":"2024-09-09T13:16:32.829Z"}
{"level":"info","message":"⌛ Validating TP%20JUEGO%20ZAGARE_RIOS_SALGUERO_SERANTES/src/objects.wlk","timeElapsed":110,"timestamp":"2024-09-09T13:16:32.939Z"}
{"level":"info","message":"⌛ Validating TP%20JUEGO%20ZAGARE_RIOS_SALGUERO_SERANTES/src/main.wpgm","timeElapsed":105,"timestamp":"2024-09-09T13:16:33.045Z"}
{"level":"info","message":"⌛ Validating TP%20JUEGO%20ZAGARE_RIOS_SALGUERO_SERANTES/src/gui.wlk","timeElapsed":105,"timestamp":"2024-09-09T13:16:33.150Z"}
{"level":"info","message":"⌛ Validating TP%20JUEGO%20ZAGARE_RIOS_SALGUERO_SERANTES/src/graphics.wlk","timeElapsed":106,"timestamp":"2024-09-09T13:16:33.256Z"}
{"level":"info","message":"⌛ Validating TP%20JUEGO%20ZAGARE_RIOS_SALGUERO_SERANTES/src/enemigos.wlk","timeElapsed":106,"timestamp":"2024-09-09T13:16:33.363Z"}
{"level":"info","message":"⌛ Validating TP%20JUEGO%20ZAGARE_RIOS_SALGUERO_SERANTES/src/audio.wlk","timeElapsed":103,"timestamp":"2024-09-09T13:16:33.466Z"}
{"level":"info","message":"⌛ Building environment","timeElapsed":185,"timestamp":"2024-09-09T13:22:12.919Z"}
{"level":"info","message":"⌛ Validating TP3.wlk","timeElapsed":171,"timestamp":"2024-09-09T13:22:13.118Z"}
{"level":"info","message":"⌛ Building environment","timeElapsed":148,"timestamp":"2024-09-09T13:24:33.683Z"}
{"level":"info","message":"⌛ Validating TP%20JUEGO%20ZAGARE_RIOS_SALGUERO_SERANTES/src/audio.wlk","timeElapsed":186,"timestamp":"2024-09-09T13:24:33.888Z"}
{"level":"info","message":"⌛ Building environment","timeElapsed":147,"timestamp":"2024-09-09T13:24:53.224Z"}
{"level":"info","message":"⌛ Validating TP3.wlk","timeElapsed":197,"timestamp":"2024-09-09T13:24:53.455Z"}
{"level":"info","message":"⌛ Building environment","timeElapsed":109,"timestamp":"2024-09-09T13:27:10.222Z"}
{"level":"info","message":"onRequest - WORKSPACE_URI:file:///c%3A/Users/USER/Desktop/TATETI","timestamp":"2024-09-09T13:27:10.225Z"}
{"level":"info","message":"⌛ Building environment","timeElapsed":112,"timestamp":"2024-09-09T13:27:10.338Z"}
{"level":"info","message":"⌛ Building environment","timeElapsed":150,"timestamp":"2024-09-09T13:27:10.692Z"}
{"level":"info","message":"⌛ Building environment","timeElapsed":124,"timestamp":"2024-09-09T13:27:11.049Z"}
{"level":"info","message":"⌛ Building environment","timeElapsed":192,"timestamp":"2024-09-09T13:27:11.320Z"}
{"level":"info","message":"⌛ Building environment","timeElapsed":365,"timestamp":"2024-09-09T13:27:11.980Z"}
{"level":"info","message":"⌛ Validating TP%20JUEGO%20ZAGARE_RIOS_SALGUERO_SERANTES/src/objects.wlk","timeElapsed":112,"timestamp":"2024-09-09T13:27:12.362Z"}
{"level":"info","message":"⌛ Validating TP%20JUEGO%20ZAGARE_RIOS_SALGUERO_SERANTES/src/graphics.wlk","timeElapsed":127,"timestamp":"2024-09-09T13:27:12.688Z"}
{"level":"info","message":"⌛ Validating TP%20JUEGO%20ZAGARE_RIOS_SALGUERO_SERANTES/src/enemigos.wlk","timeElapsed":127,"timestamp":"2024-09-09T13:27:12.814Z"}
{"level":"info","message":"⌛ Validating TP%20JUEGO%20ZAGARE_RIOS_SALGUERO_SERANTES/src/audio.wlk","timeElapsed":128,"timestamp":"2024-09-09T13:27:12.943Z"}
{"level":"info","message":"⌛ Validating TP%20JUEGO%20ZAGARE_RIOS_SALGUERO_SERANTES/src/world.wlk","timeElapsed":140,"timestamp":"2024-09-09T13:27:13.084Z"}
{"level":"info","message":"⌛ Validating TP%20JUEGO%20ZAGARE_RIOS_SALGUERO_SERANTES/src/test_world.wtest","timeElapsed":141,"timestamp":"2024-09-09T13:27:13.225Z"}
{"level":"info","message":"⌛ Validating TP%20JUEGO%20ZAGARE_RIOS_SALGUERO_SERANTES/src/tests.wtest","timeElapsed":154,"timestamp":"2024-09-09T13:27:13.381Z"}
{"level":"info","message":"⌛ Validating TP3.wlk","timeElapsed":136,"timestamp":"2024-09-09T13:27:13.518Z"}
{"level":"info","message":"⌛ Validating TP3.1/example.wlk","timeElapsed":122,"timestamp":"2024-09-09T13:27:13.640Z"}
{"level":"info","message":"⌛ Validating TP3.1/testExample.wtest","timeElapsed":107,"timestamp":"2024-09-09T13:27:13.748Z"}
{"level":"info","message":"⌛ Validating TP%20JUEGO%20ZAGARE_RIOS_SALGUERO_SERANTES/src/player.wlk","timeElapsed":106,"timestamp":"2024-09-09T13:27:13.855Z"}
{"level":"info","message":"⌛ Validating TP%20JUEGO%20ZAGARE_RIOS_SALGUERO_SERANTES/src/objects.wlk","timeElapsed":110,"timestamp":"2024-09-09T13:27:13.964Z"}
{"level":"info","message":"⌛ Validating TP%20JUEGO%20ZAGARE_RIOS_SALGUERO_SERANTES/src/main.wpgm","timeElapsed":108,"timestamp":"2024-09-09T13:27:14.073Z"}
{"level":"info","message":"⌛ Validating TP%20JUEGO%20ZAGARE_RIOS_SALGUERO_SERANTES/src/gui.wlk","timeElapsed":108,"timestamp":"2024-09-09T13:27:14.182Z"}
{"level":"info","message":"⌛ Validating TP%20JUEGO%20ZAGARE_RIOS_SALGUERO_SERANTES/src/graphics.wlk","timeElapsed":108,"timestamp":"2024-09-09T13:27:14.291Z"}
{"level":"info","message":"⌛ Validating TP%20JUEGO%20ZAGARE_RIOS_SALGUERO_SERANTES/src/enemigos.wlk","timeElapsed":109,"timestamp":"2024-09-09T13:27:14.401Z"}
{"level":"info","message":"⌛ Validating TP%20JUEGO%20ZAGARE_RIOS_SALGUERO_SERANTES/src/audio.wlk","timeElapsed":109,"timestamp":"2024-09-09T13:27:14.510Z"}
{"level":"info","message":"⌛ Validating TP%20JUEGO%20ZAGARE_RIOS_SALGUERO_SERANTES/src/world.wlk","timeElapsed":114,"timestamp":"2024-09-09T13:27:14.624Z"}
{"level":"info","message":"⌛ Validating TP%20JUEGO%20ZAGARE_RIOS_SALGUERO_SERANTES/src/test_world.wtest","timeElapsed":107,"timestamp":"2024-09-09T13:27:14.732Z"}
{"level":"info","message":"⌛ Validating TP%20JUEGO%20ZAGARE_RIOS_SALGUERO_SERANTES/src/tests.wtest","timeElapsed":107,"timestamp":"2024-09-09T13:27:14.840Z"}
{"level":"info","message":"⌛ Building environment","timeElapsed":127,"timestamp":"2024-09-09T13:30:56.851Z"}
{"level":"info","message":"onRequest - WORKSPACE_URI:file:///c%3A/Users/USER/Desktop/TATETI","timestamp":"2024-09-09T13:30:56.854Z"}
{"level":"info","message":"⌛ Building environment","timeElapsed":114,"timestamp":"2024-09-09T13:30:56.969Z"}
{"level":"info","message":"⌛ Building environment","timeElapsed":123,"timestamp":"2024-09-09T13:30:57.146Z"}
{"level":"info","message":"⌛ Building environment","timeElapsed":270,"timestamp":"2024-09-09T13:30:57.417Z"}
{"level":"info","message":"⌛ Building environment","timeElapsed":104,"timestamp":"2024-09-09T13:30:57.683Z"}
{"level":"info","message":"⌛ Building environment","timeElapsed":126,"timestamp":"2024-09-09T13:30:57.812Z"}
{"level":"info","message":"⌛ Building environment","timeElapsed":105,"timestamp":"2024-09-09T13:30:58.100Z"}
{"level":"info","message":"⌛ Building environment","timeElapsed":143,"timestamp":"2024-09-09T13:30:58.243Z"}
{"level":"info","message":"⌛ Building environment","timeElapsed":411,"timestamp":"2024-09-09T13:30:58.849Z"}
{"level":"info","message":"⌛ Validating TP%20JUEGO%20ZAGARE_RIOS_SALGUERO_SERANTES/src/world.wlk","timeElapsed":106,"timestamp":"2024-09-09T13:30:59.126Z"}
{"level":"info","message":"⌛ Validating TP%20JUEGO%20ZAGARE_RIOS_SALGUERO_SERANTES/src/test_world.wtest","timeElapsed":106,"timestamp":"2024-09-09T13:30:59.233Z"}
{"level":"info","message":"⌛ Validating TP%20JUEGO%20ZAGARE_RIOS_SALGUERO_SERANTES/src/tests.wtest","timeElapsed":104,"timestamp":"2024-09-09T13:30:59.338Z"}
{"level":"info","message":"⌛ Validating TP%20JUEGO%20ZAGARE_RIOS_SALGUERO_SERANTES/src/player.wlk","timeElapsed":109,"timestamp":"2024-09-09T13:30:59.447Z"}
{"level":"info","message":"⌛ Validating TP%20JUEGO%20ZAGARE_RIOS_SALGUERO_SERANTES/src/objects.wlk","timeElapsed":122,"timestamp":"2024-09-09T13:30:59.570Z"}
{"level":"info","message":"⌛ Validating TP%20JUEGO%20ZAGARE_RIOS_SALGUERO_SERANTES/src/main.wpgm","timeElapsed":121,"timestamp":"2024-09-09T13:30:59.691Z"}
{"level":"info","message":"⌛ Validating TP%20JUEGO%20ZAGARE_RIOS_SALGUERO_SERANTES/src/gui.wlk","timeElapsed":124,"timestamp":"2024-09-09T13:30:59.815Z"}
{"level":"info","message":"⌛ Validating TP%20JUEGO%20ZAGARE_RIOS_SALGUERO_SERANTES/src/graphics.wlk","timeElapsed":127,"timestamp":"2024-09-09T13:30:59.942Z"}
{"level":"info","message":"⌛ Validating TP%20JUEGO%20ZAGARE_RIOS_SALGUERO_SERANTES/src/enemigos.wlk","timeElapsed":164,"timestamp":"2024-09-09T13:31:00.108Z"}
{"level":"info","message":"⌛ Validating TP%20JUEGO%20ZAGARE_RIOS_SALGUERO_SERANTES/src/audio.wlk","timeElapsed":144,"timestamp":"2024-09-09T13:31:00.252Z"}
{"level":"info","message":"⌛ Validating TP3.wlk","timeElapsed":142,"timestamp":"2024-09-09T13:31:00.395Z"}
{"level":"info","message":"⌛ Validating TP3.1/testExample.wtest","timeElapsed":112,"timestamp":"2024-09-09T13:31:00.507Z"}
{"level":"info","message":"⌛ Validating TP3.1/example.wlk","timeElapsed":110,"timestamp":"2024-09-09T13:31:00.617Z"}
{"level":"info","message":"⌛ Validating TP%20JUEGO%20ZAGARE_RIOS_SALGUERO_SERANTES/src/world.wlk","timeElapsed":110,"timestamp":"2024-09-09T13:31:00.728Z"}
{"level":"info","message":"⌛ Validating TP%20JUEGO%20ZAGARE_RIOS_SALGUERO_SERANTES/src/test_world.wtest","timeElapsed":111,"timestamp":"2024-09-09T13:31:00.839Z"}
{"level":"info","message":"⌛ Validating TP%20JUEGO%20ZAGARE_RIOS_SALGUERO_SERANTES/src/tests.wtest","timeElapsed":115,"timestamp":"2024-09-09T13:31:00.954Z"}
{"level":"info","message":"⌛ Validating TP%20JUEGO%20ZAGARE_RIOS_SALGUERO_SERANTES/src/player.wlk","timeElapsed":112,"timestamp":"2024-09-09T13:31:01.067Z"}
{"level":"info","message":"⌛ Validating TP%20JUEGO%20ZAGARE_RIOS_SALGUERO_SERANTES/src/objects.wlk","timeElapsed":113,"timestamp":"2024-09-09T13:31:01.180Z"}
{"level":"info","message":"⌛ Validating TP%20JUEGO%20ZAGARE_RIOS_SALGUERO_SERANTES/src/main.wpgm","timeElapsed":111,"timestamp":"2024-09-09T13:31:01.291Z"}
{"level":"info","message":"⌛ Validating TP%20JUEGO%20ZAGARE_RIOS_SALGUERO_SERANTES/src/gui.wlk","timeElapsed":112,"timestamp":"2024-09-09T13:31:01.404Z"}
{"level":"info","message":"⌛ Validating TP%20JUEGO%20ZAGARE_RIOS_SALGUERO_SERANTES/src/graphics.wlk","timeElapsed":112,"timestamp":"2024-09-09T13:31:01.516Z"}
{"level":"info","message":"⌛ Validating TP%20JUEGO%20ZAGARE_RIOS_SALGUERO_SERANTES/src/enemigos.wlk","timeElapsed":110,"timestamp":"2024-09-09T13:31:01.626Z"}
{"level":"info","message":"⌛ Validating TP%20JUEGO%20ZAGARE_RIOS_SALGUERO_SERANTES/src/audio.wlk","timeElapsed":109,"timestamp":"2024-09-09T13:31:01.736Z"}
{"level":"info","message":"⌛ Building environment","timeElapsed":476,"timestamp":"2024-09-09T13:31:03.952Z"}
{"level":"info","message":"⌛ Validating TP3.wlk","timeElapsed":152,"timestamp":"2024-09-09T13:31:04.107Z"}
{"level":"info","message":"⌛ Validating TP3.1/testExample.wtest","timeElapsed":116,"timestamp":"2024-09-09T13:31:04.224Z"}
{"level":"info","message":"⌛ Validating TP3.1/example.wlk","timeElapsed":146,"timestamp":"2024-09-09T13:31:04.371Z"}
{"level":"info","message":"⌛ Validating TP%20JUEGO%20ZAGARE_RIOS_SALGUERO_SERANTES/src/world.wlk","timeElapsed":129,"timestamp":"2024-09-09T13:31:04.501Z"}
{"level":"info","message":"⌛ Validating TP%20JUEGO%20ZAGARE_RIOS_SALGUERO_SERANTES/src/test_world.wtest","timeElapsed":116,"timestamp":"2024-09-09T13:31:04.617Z"}
{"level":"info","message":"⌛ Validating TP%20JUEGO%20ZAGARE_RIOS_SALGUERO_SERANTES/src/tests.wtest","timeElapsed":127,"timestamp":"2024-09-09T13:31:04.745Z"}
{"level":"info","message":"⌛ Validating TP%20JUEGO%20ZAGARE_RIOS_SALGUERO_SERANTES/src/player.wlk","timeElapsed":116,"timestamp":"2024-09-09T13:31:04.862Z"}
{"level":"info","message":"⌛ Validating TP%20JUEGO%20ZAGARE_RIOS_SALGUERO_SERANTES/src/objects.wlk","timeElapsed":119,"timestamp":"2024-09-09T13:31:04.982Z"}
{"level":"info","message":"⌛ Validating TP%20JUEGO%20ZAGARE_RIOS_SALGUERO_SERANTES/src/main.wpgm","timeElapsed":126,"timestamp":"2024-09-09T13:31:05.109Z"}
{"level":"info","message":"⌛ Validating TP%20JUEGO%20ZAGARE_RIOS_SALGUERO_SERANTES/src/gui.wlk","timeElapsed":113,"timestamp":"2024-09-09T13:31:05.222Z"}
{"level":"info","message":"⌛ Validating TP%20JUEGO%20ZAGARE_RIOS_SALGUERO_SERANTES/src/graphics.wlk","timeElapsed":122,"timestamp":"2024-09-09T13:31:05.344Z"}
{"level":"info","message":"⌛ Validating TP%20JUEGO%20ZAGARE_RIOS_SALGUERO_SERANTES/src/enemigos.wlk","timeElapsed":129,"timestamp":"2024-09-09T13:31:05.474Z"}
{"level":"info","message":"⌛ Validating TP%20JUEGO%20ZAGARE_RIOS_SALGUERO_SERANTES/src/audio.wlk","timeElapsed":113,"timestamp":"2024-09-09T13:31:05.587Z"}
{"level":"info","message":"⌛ Building environment","timeElapsed":454,"timestamp":"2024-09-09T13:31:15.249Z"}
{"level":"info","message":"⌛ Validating TP3.wlk","timeElapsed":146,"timestamp":"2024-09-09T13:31:15.396Z"}
{"level":"info","message":"⌛ Validating TP3.1/testExample.wtest","timeElapsed":116,"timestamp":"2024-09-09T13:31:15.512Z"}
{"level":"info","message":"⌛ Validating TP3.1/example.wlk","timeElapsed":110,"timestamp":"2024-09-09T13:31:15.622Z"}
{"level":"info","message":"⌛ Validating TP%20JUEGO%20ZAGARE_RIOS_SALGUERO_SERANTES/src/world.wlk","timeElapsed":111,"timestamp":"2024-09-09T13:31:15.733Z"}
{"level":"info","message":"⌛ Validating TP%20JUEGO%20ZAGARE_RIOS_SALGUERO_SERANTES/src/test_world.wtest","timeElapsed":113,"timestamp":"2024-09-09T13:31:15.847Z"}
{"level":"info","message":"⌛ Validating TP%20JUEGO%20ZAGARE_RIOS_SALGUERO_SERANTES/src/tests.wtest","timeElapsed":112,"timestamp":"2024-09-09T13:31:15.960Z"}
{"level":"info","message":"⌛ Validating TP%20JUEGO%20ZAGARE_RIOS_SALGUERO_SERANTES/src/player.wlk","timeElapsed":113,"timestamp":"2024-09-09T13:31:16.074Z"}
{"level":"info","message":"⌛ Validating TP%20JUEGO%20ZAGARE_RIOS_SALGUERO_SERANTES/src/objects.wlk","timeElapsed":111,"timestamp":"2024-09-09T13:31:16.186Z"}
{"level":"info","message":"⌛ Validating TP%20JUEGO%20ZAGARE_RIOS_SALGUERO_SERANTES/src/main.wpgm","timeElapsed":110,"timestamp":"2024-09-09T13:31:16.296Z"}
{"level":"info","message":"⌛ Validating TP%20JUEGO%20ZAGARE_RIOS_SALGUERO_SERANTES/src/gui.wlk","timeElapsed":110,"timestamp":"2024-09-09T13:31:16.406Z"}
{"level":"info","message":"⌛ Validating TP%20JUEGO%20ZAGARE_RIOS_SALGUERO_SERANTES/src/graphics.wlk","timeElapsed":114,"timestamp":"2024-09-09T13:31:16.520Z"}
{"level":"info","message":"⌛ Validating TP%20JUEGO%20ZAGARE_RIOS_SALGUERO_SERANTES/src/enemigos.wlk","timeElapsed":114,"timestamp":"2024-09-09T13:31:16.634Z"}
{"level":"info","message":"⌛ Validating TP%20JUEGO%20ZAGARE_RIOS_SALGUERO_SERANTES/src/audio.wlk","timeElapsed":113,"timestamp":"2024-09-09T13:31:16.748Z"}
{"level":"info","message":"⌛ Building environment","timeElapsed":112,"timestamp":"2024-09-09T13:31:55.161Z"}
{"level":"info","message":"onRequest - WORKSPACE_URI:file:///c%3A/Users/USER/Desktop/TATETI","timestamp":"2024-09-09T13:31:55.166Z"}
{"level":"info","message":"⌛ Building environment","timeElapsed":109,"timestamp":"2024-09-09T13:31:55.275Z"}
{"level":"info","message":"⌛ Building environment","timeElapsed":120,"timestamp":"2024-09-09T13:31:55.743Z"}
{"level":"info","message":"⌛ Building environment","timeElapsed":175,"timestamp":"2024-09-09T13:31:56.225Z"}
{"level":"info","message":"⌛ Building environment","timeElapsed":145,"timestamp":"2024-09-09T13:31:56.371Z"}
{"level":"info","message":"⌛ Validating TP3.wlk","timeElapsed":102,"timestamp":"2024-09-09T13:31:56.473Z"}
{"level":"info","message":"⌛ Building environment","timeElapsed":388,"timestamp":"2024-09-09T13:31:56.862Z"}
{"level":"info","message":"⌛ Validating TP%20JUEGO%20ZAGARE_RIOS_SALGUERO_SERANTES/src/enemigos.wlk","timeElapsed":104,"timestamp":"2024-09-09T13:31:57.393Z"}
{"level":"info","message":"⌛ Validating TP%20JUEGO%20ZAGARE_RIOS_SALGUERO_SERANTES/src/audio.wlk","timeElapsed":102,"timestamp":"2024-09-09T13:31:57.496Z"}
{"level":"info","message":"⌛ Validating TP%20JUEGO%20ZAGARE_RIOS_SALGUERO_SERANTES/src/player.wlk","timeElapsed":106,"timestamp":"2024-09-09T13:31:57.802Z"}
{"level":"info","message":"⌛ Validating TP%20JUEGO%20ZAGARE_RIOS_SALGUERO_SERANTES/src/world.wlk","timeElapsed":140,"timestamp":"2024-09-09T13:31:57.969Z"}
{"level":"info","message":"⌛ Validating TP%20JUEGO%20ZAGARE_RIOS_SALGUERO_SERANTES/src/objects.wlk","timeElapsed":150,"timestamp":"2024-09-09T13:31:58.163Z"}
{"level":"info","message":"⌛ Validating TP3.wlk","timeElapsed":149,"timestamp":"2024-09-09T13:31:58.312Z"}
{"level":"info","message":"⌛ Validating TP3.1/testExample.wtest","timeElapsed":133,"timestamp":"2024-09-09T13:31:58.445Z"}
{"level":"info","message":"⌛ Validating TP3.1/example.wlk","timeElapsed":112,"timestamp":"2024-09-09T13:31:58.558Z"}
{"level":"info","message":"⌛ Validating TP%20JUEGO%20ZAGARE_RIOS_SALGUERO_SERANTES/src/gui.wlk","timeElapsed":112,"timestamp":"2024-09-09T13:31:58.671Z"}
{"level":"info","message":"⌛ Validating TP%20JUEGO%20ZAGARE_RIOS_SALGUERO_SERANTES/src/main.wpgm","timeElapsed":112,"timestamp":"2024-09-09T13:31:58.784Z"}
{"level":"info","message":"⌛ Validating TP%20JUEGO%20ZAGARE_RIOS_SALGUERO_SERANTES/src/graphics.wlk","timeElapsed":109,"timestamp":"2024-09-09T13:31:58.893Z"}
{"level":"info","message":"⌛ Validating TP%20JUEGO%20ZAGARE_RIOS_SALGUERO_SERANTES/src/enemigos.wlk","timeElapsed":110,"timestamp":"2024-09-09T13:31:59.004Z"}
{"level":"info","message":"⌛ Validating TP%20JUEGO%20ZAGARE_RIOS_SALGUERO_SERANTES/src/audio.wlk","timeElapsed":111,"timestamp":"2024-09-09T13:31:59.115Z"}
{"level":"info","message":"⌛ Validating TP%20JUEGO%20ZAGARE_RIOS_SALGUERO_SERANTES/src/tests.wtest","timeElapsed":110,"timestamp":"2024-09-09T13:31:59.225Z"}
{"level":"info","message":"⌛ Validating TP%20JUEGO%20ZAGARE_RIOS_SALGUERO_SERANTES/src/test_world.wtest","timeElapsed":111,"timestamp":"2024-09-09T13:31:59.336Z"}
{"level":"info","message":"⌛ Validating TP%20JUEGO%20ZAGARE_RIOS_SALGUERO_SERANTES/src/player.wlk","timeElapsed":112,"timestamp":"2024-09-09T13:31:59.449Z"}
{"level":"info","message":"⌛ Validating TP%20JUEGO%20ZAGARE_RIOS_SALGUERO_SERANTES/src/world.wlk","timeElapsed":107,"timestamp":"2024-09-09T13:31:59.556Z"}
{"level":"info","message":"⌛ Validating TP%20JUEGO%20ZAGARE_RIOS_SALGUERO_SERANTES/src/objects.wlk","timeElapsed":107,"timestamp":"2024-09-09T13:31:59.664Z"}
{"level":"error","message":"✘ Failed to rebuild document Failed to parse TP3.wlk: \n-- PARSING FAILED --------------------------------------------------\n\n  15 | \t\t\tartefactos.add(artefacto)\n  16 | \t\t\tself.calcularPoder(artefacto.usar(self))\n> 17 | \t\t}\n     |   ^\n  18 | \t\thistoria.add(artefacto)\n  19 | \t}\n\nExpected one of the following: \n\n'@', 'class', 'const', 'describe', 'mixin', 'object', 'only', 'package', 'program', 'test', 'var', '{', EOF, comment, not \"}\n\t\t\", whitespace\n","stack":"Error: Failed to parse TP3.wlk: \n-- PARSING FAILED --------------------------------------------------\n\n  15 | \t\t\tartefactos.add(artefacto)\n  16 | \t\t\tself.calcularPoder(artefacto.usar(self))\n> 17 | \t\t}\n     |   ^\n  18 | \t\thistoria.add(artefacto)\n  19 | \t}\n\nExpected one of the following: \n\n'@', 'class', 'const', 'describe', 'mixin', 'object', 'only', 'package', 'program', 'test', 'var', '{', EOF, comment, not \"}\n\t\t\", whitespace\n\n    at c:\\Users\\USER\\.vscode\\extensions\\uqbar.wollok-lsp-ide-0.3.4\\node_modules\\wollok-ts\\dist\\index.js:54:19\n    at Array.map (<anonymous>)\n    at buildEnvironment (c:\\Users\\USER\\.vscode\\extensions\\uqbar.wollok-lsp-ide-0.3.4\\node_modules\\wollok-ts\\dist\\index.js:49:40)\n    at EnvironmentProvider.buildEnvironmentFrom (c:\\Users\\USER\\.vscode\\extensions\\uqbar.wollok-lsp-ide-0.3.4\\server\\out\\utils\\vm\\environment.js:29:66)\n    at EnvironmentProvider.updateEnvironmentWith (c:\\Users\\USER\\.vscode\\extensions\\uqbar.wollok-lsp-ide-0.3.4\\server\\out\\utils\\vm\\environment.js:19:37)\n    at rebuildTextDocument (c:\\Users\\USER\\.vscode\\extensions\\uqbar.wollok-lsp-ide-0.3.4\\server\\out\\server.js:102:29)\n    at CallbackList.invoke (c:\\Users\\USER\\.vscode\\extensions\\uqbar.wollok-lsp-ide-0.3.4\\server\\node_modules\\vscode-jsonrpc\\lib\\common\\events.js:55:39)\n    at Emitter.fire (c:\\Users\\USER\\.vscode\\extensions\\uqbar.wollok-lsp-ide-0.3.4\\server\\node_modules\\vscode-jsonrpc\\lib\\common\\events.js:117:36)\n    at c:\\Users\\USER\\.vscode\\extensions\\uqbar.wollok-lsp-ide-0.3.4\\server\\node_modules\\vscode-languageserver\\lib\\common\\textDocuments.js:138:42\n    at handleNotification (c:\\Users\\USER\\.vscode\\extensions\\uqbar.wollok-lsp-ide-0.3.4\\server\\node_modules\\vscode-jsonrpc\\lib\\common\\connection.js:640:25)","timestamp":"2024-09-09T13:32:53.830Z"}
{"level":"info","message":"⌛ Building environment","timeElapsed":158,"timestamp":"2024-09-09T13:32:55.192Z"}
{"level":"info","message":"⌛ Validating TP3.wlk","timeElapsed":150,"timestamp":"2024-09-09T13:32:55.394Z"}
{"error":["Error: Could not resolve reference to TP%20JUEGO%20ZAGARE_RIOS_SALGUERO_SERANTES.src.main.main","  at Environment.getNodeByFQN (C:\\Users\\USER\\AppData\\Roaming\\npm\\node_modules\\wollok-ts-cli\\node_modules\\wollok-ts\\dist\\model.js:705:19)","  at Command.default_1 (C:\\Users\\USER\\AppData\\Roaming\\npm\\node_modules\\wollok-ts-cli\\build\\src\\commands\\run.js:71:44)","  at async Command.parseAsync (C:\\Users\\USER\\AppData\\Roaming\\npm\\node_modules\\wollok-ts-cli\\node_modules\\commander\\lib\\command.js:936:5"],"level":"info","message":"👾 Game executed TP%20JUEGO%20ZAGARE_RIOS_SALGUERO_SERANTES.src.main.main on c:\\Users\\USER\\Desktop\\TATETI","ok":false,"timeElapsed":932,"timestamp":"2024-09-09T13:34:29.547Z"}
{"error":["Error: Could not resolve reference to TP%20JUEGO%20ZAGARE_RIOS_SALGUERO_SERANTES.src.main.main","  at Environment.getNodeByFQN (C:\\Users\\USER\\AppData\\Roaming\\npm\\node_modules\\wollok-ts-cli\\node_modules\\wollok-ts\\dist\\model.js:705:19)","  at Command.default_1 (C:\\Users\\USER\\AppData\\Roaming\\npm\\node_modules\\wollok-ts-cli\\build\\src\\commands\\run.js:71:44)","  at async Command.parseAsync (C:\\Users\\USER\\AppData\\Roaming\\npm\\node_modules\\wollok-ts-cli\\node_modules\\commander\\lib\\command.js:936:5"],"level":"info","message":"🚀 Program executed TP%20JUEGO%20ZAGARE_RIOS_SALGUERO_SERANTES.src.main.main on c:\\Users\\USER\\Desktop\\TATETI","ok":false,"timeElapsed":749,"timestamp":"2024-09-09T13:34:37.351Z"}
{"level":"info","message":"onRequest - STRONG_FILES_CHANGED:c:\\Users\\USER\\Desktop\\TATETI\\TP3.wlk","timestamp":"2024-09-09T13:35:15.881Z"}
{"level":"info","message":"⌛ Building environment","timeElapsed":105,"timestamp":"2024-09-09T13:35:15.986Z"}
{"level":"info","message":"onRequest - WORKSPACE_URI:file:///c%3A/Users/USER/Desktop/TATETI","timestamp":"2024-09-09T13:35:16.067Z"}
{"level":"info","message":"Removing diagnostics from \\Users\\USER\\Desktop\\TATETI\\TP3.wlk","timestamp":"2024-09-09T13:35:16.227Z"}
{"level":"info","message":"⌛ Building environment","timeElapsed":153,"timestamp":"2024-09-09T13:35:16.618Z"}
{"level":"info","message":"⌛ Building environment","timeElapsed":167,"timestamp":"2024-09-09T13:35:16.859Z"}
{"level":"info","message":"⌛ Building environment","timeElapsed":164,"timestamp":"2024-09-09T13:35:17.025Z"}
{"level":"info","message":"⌛ Validating TP%20JUEGO%20ZAGARE_RIOS_SALGUERO_SERANTES/src/enemigos.wlk","timeElapsed":106,"timestamp":"2024-09-09T13:35:17.625Z"}
{"level":"info","message":"⌛ Validating TP%20JUEGO%20ZAGARE_RIOS_SALGUERO_SERANTES/src/audio.wlk","timeElapsed":104,"timestamp":"2024-09-09T13:35:17.729Z"}
{"level":"info","message":"⌛ Validating TP%20JUEGO%20ZAGARE_RIOS_SALGUERO_SERANTES/src/world.wlk","timeElapsed":127,"timestamp":"2024-09-09T13:35:17.856Z"}
{"level":"info","message":"⌛ Validating TP%20JUEGO%20ZAGARE_RIOS_SALGUERO_SERANTES/src/test_world.wtest","timeElapsed":129,"timestamp":"2024-09-09T13:35:17.985Z"}
{"level":"info","message":"⌛ Validating TP%20JUEGO%20ZAGARE_RIOS_SALGUERO_SERANTES/src/tests.wtest","timeElapsed":128,"timestamp":"2024-09-09T13:35:18.113Z"}
{"level":"info","message":"onRequest - STRONG_FILES_CHANGED:c:\\Users\\USER\\Desktop\\TATETI\\TIC-TAC-TOE\\html.html","timestamp":"2024-09-09T13:35:35.505Z"}
{"level":"info","message":"⌛ Building environment","timeElapsed":317,"timestamp":"2024-09-09T13:35:35.912Z"}
{"level":"info","message":"onRequest - WORKSPACE_URI:file:///c%3A/Users/USER/Desktop/TATETI","timestamp":"2024-09-09T13:35:35.960Z"}
{"level":"info","message":"Removing diagnostics from \\Users\\USER\\Desktop\\TATETI\\TIC-TAC-TOE\\html.html","timestamp":"2024-09-09T13:35:36.019Z"}
{"level":"info","message":"onRequest - STRONG_FILES_CHANGED:c:\\Users\\USER\\Desktop\\TATETI\\TIC-TAC-TOE\\README.md","timestamp":"2024-09-09T13:35:42.415Z"}
{"level":"info","message":"⌛ Building environment","timeElapsed":101,"timestamp":"2024-09-09T13:35:42.517Z"}
{"level":"info","message":"⌛ Building environment","timeElapsed":307,"timestamp":"2024-09-09T13:35:42.824Z"}
{"level":"info","message":"onRequest - WORKSPACE_URI:file:///c%3A/Users/USER/Desktop/TATETI","timestamp":"2024-09-09T13:35:42.870Z"}
{"level":"info","message":"Removing diagnostics from \\Users\\USER\\Desktop\\TATETI\\TIC-TAC-TOE\\README.md","timestamp":"2024-09-09T13:35:42.929Z"}
